<?xml version="1.0" encoding="UTF-8"?>
<!-- Generated by org.testng.reporters.JUnitReportReporter -->
<testsuite hostname="PDINOTE-03" failures="0" tests="3" name="ViewCare.ValidateControllerRemoteAccessTest" time="52.844" errors="0" timestamp="2025-01-15T11:37:34 BRT" skipped="0">
  <testcase classname="ViewCare.ValidateControllerRemoteAccessTest" name="testTryRemoteAccess" time="46.661"/>
  <system-out/>
  <testcase classname="ViewCare.ValidateControllerRemoteAccessTest" name="testTogglePassword" time="1.553"/>
  <system-out/>
  <testcase classname="ViewCare.ValidateControllerRemoteAccessTest" name="testGenerateRandomPassword" time="4.630"/>
  <system-out/>
</testsuite> <!-- ViewCare.ValidateControllerRemoteAccessTest -->
