<?xml version="1.0" encoding="UTF-8"?>
<!-- Generated by org.testng.reporters.JUnitReportReporter -->
<testsuite hostname="PDINOTE-03" failures="0" tests="2" name="ViewCare.EnterControllerTest" time="1.881" errors="0" timestamp="2025-01-14T14:07:32 BRT" skipped="0">
  <testcase classname="ViewCare.EnterControllerTest" name="testLastInfoFirstMonitorableIsValidController" time="0.563"/>
  <system-out/>
  <testcase classname="ViewCare.EnterControllerTest" name="testAcessEquipmentController" time="1.318"/>
  <system-out/>
</testsuite> <!-- ViewCare.EnterControllerTest -->
