<?xml version="1.0" encoding="UTF-8"?>
<!-- Generated by org.testng.reporters.JUnitReportReporter -->
<testsuite hostname="PDINOTE-03" failures="0" tests="1" name="base.LoginTest" time="0.733" errors="0" timestamp="2025-01-16T16:20:16 BRT" skipped="0">
  <testcase classname="base.LoginTest" name="testLogin" time="0.733"/>
  <system-out/>
</testsuite> <!-- base.LoginTest -->
