<?xml version="1.0" encoding="UTF-8"?>
<!-- Generated by org.testng.reporters.JUnitReportReporter -->
<testsuite hostname="PDINOTE-03" failures="0" tests="1" name="base.RenewPasswordLogin" time="0.813" errors="0" timestamp="2025-01-15T13:47:41 BRT" skipped="0">
  <testcase classname="base.RenewPasswordLogin" name="testRenew" time="0.813"/>
  <system-out/>
</testsuite> <!-- base.RenewPasswordLogin -->
