<?xml version="1.0" encoding="UTF-8"?>
<!-- Generated by org.testng.reporters.JUnitReportReporter -->
<testsuite hostname="PDINOTE-03" failures="0" tests="3" name="ViewCare.EnterSalesPoint" time="0.350" errors="0" timestamp="2025-01-08T14:54:22 BRT" skipped="0">
  <testcase classname="ViewCare.EnterSalesPoint" name="testFetchListAndClickTheTestSalesPoint" time="0.273"/>
  <system-out/>
  <testcase classname="ViewCare.EnterSalesPoint" name="testValidateNameSalesPoint" time="0.059"/>
  <system-out/>
  <testcase classname="ViewCare.EnterSalesPoint" name="testValidatesNumberOfOS" time="0.018"/>
  <system-out/>
</testsuite> <!-- ViewCare.EnterSalesPoint -->
