<?xml version="1.0" encoding="UTF-8"?>
<!-- Generated by org.testng.reporters.JUnitReportReporter -->
<testsuite hostname="PDINOTE-03" failures="0" tests="1" name="ViewCare.ViewCareTest" time="5.505" errors="0" timestamp="2025-01-08T15:01:59 BRT" skipped="0">
  <testcase classname="ViewCare.ViewCareTest" name="testViewCare" time="5.505"/>
  <system-out/>
</testsuite> <!-- ViewCare.ViewCareTest -->
