<?xml version="1.0" encoding="UTF-8"?>
<!-- Generated by org.testng.reporters.JUnitReportReporter -->
<testsuite hostname="PDINOTE-03" failures="0" tests="1" name="ViewCare.ControllerTimeActionsTest" time="18.390" errors="0" timestamp="2025-01-16T15:26:22 BRT" skipped="0">
  <testcase classname="ViewCare.ControllerTimeActionsTest" name="testCreateNewTime" time="18.390"/>
  <system-out/>
</testsuite> <!-- ViewCare.ControllerTimeActionsTest -->
