<?xml version="1.0" encoding="UTF-8"?>
<!-- Generated by org.testng.reporters.JUnitReportReporter -->
<testsuite hostname="PDINOTE-03" failures="0" tests="1" name="base.RenewPasswordLoginTest" time="11.325" errors="0" timestamp="2025-01-16T13:48:57 BRT" skipped="0">
  <testcase classname="base.RenewPasswordLoginTest" name="testRenew" time="11.325"/>
  <system-out/>
</testsuite> <!-- base.RenewPasswordLoginTest -->
