<?xml version="1.0" encoding="UTF-8"?>
<!-- Generated by org.testng.reporters.JUnitReportReporter -->
<testsuite hostname="PDINOTE-03" failures="0" tests="4" name="ViewCare.ControllerUserActionsTest" time="0.000" errors="0" timestamp="2025-01-21T11:32:52 BRT" skipped="4">
  <testcase classname="ViewCare.ControllerUserActionsTest" name="testCreateNewUser" time="0.000">
    <skipped/>
  </testcase> <!-- testCreateNewUser -->
  <system-out/>
  <testcase classname="ViewCare.ControllerUserActionsTest" name="testUpdateUser" time="0.000">
    <skipped/>
  </testcase> <!-- testUpdateUser -->
  <system-out/>
  <testcase classname="ViewCare.ControllerUserActionsTest" name="testCreateUserPassword" time="0.000">
    <skipped/>
  </testcase> <!-- testCreateUserPassword -->
  <system-out/>
  <testcase classname="ViewCare.ControllerUserActionsTest" name="testDeleteUser" time="0.000">
    <skipped/>
  </testcase> <!-- testDeleteUser -->
  <system-out/>
</testsuite> <!-- ViewCare.ControllerUserActionsTest -->
