<?xml version="1.0" encoding="UTF-8"?>
<!-- Generated by org.testng.reporters.JUnitReportReporter -->
<testsuite hostname="PDINOTE-03" failures="0" tests="3" name="ViewCare.EnterControllerTest" time="2.932" errors="0" timestamp="2025-01-08T15:01:59 BRT" skipped="0">
  <testcase classname="ViewCare.EnterControllerTest" name="testLastInfoFirstMonitorableIsValidController" time="0.554"/>
  <system-out/>
  <testcase classname="ViewCare.EnterControllerTest" name="testAcessEquipmentController" time="2.368"/>
  <system-out/>
  <testcase classname="ViewCare.EnterControllerTest" name="testGoBackFromController" time="0.010"/>
  <system-out/>
</testsuite> <!-- ViewCare.EnterControllerTest -->
