<?xml version="1.0" encoding="UTF-8"?>
<!-- Generated by org.testng.reporters.JUnitReportReporter -->
<testsuite hostname="PDINOTE-03" failures="0" tests="3" name="ViewCare.EnterController" time="2.917" errors="0" timestamp="2025-01-08T14:54:22 BRT" skipped="0">
  <testcase classname="ViewCare.EnterController" name="testLastInfoFirstMonitorableIsValidController" time="0.552"/>
  <system-out/>
  <testcase classname="ViewCare.EnterController" name="testAcessEquipmentController" time="2.355"/>
  <system-out/>
  <testcase classname="ViewCare.EnterController" name="testGoBackFromController" time="0.010"/>
  <system-out/>
</testsuite> <!-- ViewCare.EnterController -->
