<?xml version="1.0" encoding="UTF-8"?>
<!-- Generated by org.testng.reporters.JUnitReportReporter -->
<testsuite hostname="PDINOTE-03" failures="0" tests="2" name="ViewCare.ControllerUserActionsTest" time="141.816" errors="0" timestamp="2025-01-20T11:25:48 BRT" skipped="0">
  <testcase classname="ViewCare.ControllerUserActionsTest" name="testCreateNewUser" time="100.208"/>
  <system-out/>
  <testcase classname="ViewCare.ControllerUserActionsTest" name="testDeleteUser" time="41.608"/>
  <system-out/>
</testsuite> <!-- ViewCare.ControllerUserActionsTest -->
