<?xml version="1.0" encoding="UTF-8"?>
<!-- Generated by org.testng.reporters.JUnitReportReporter -->
<testsuite hostname="PDINOTE-03" failures="0" tests="4" name="ViewCare.ValidateControllerTest" time="211.383" errors="0" timestamp="2025-01-13T13:33:00 BRT" skipped="0">
  <testcase classname="ViewCare.ValidateControllerTest" name="validateNumberOfUsers" time="58.689"/>
  <system-out/>
  <testcase classname="ViewCare.ValidateControllerTest" name="validateNumberOfBiometry" time="28.358"/>
  <system-out/>
  <testcase classname="ViewCare.ValidateControllerTest" name="validateNumberOfTime" time="2.923"/>
  <system-out/>
  <testcase classname="ViewCare.ValidateControllerTest" name="validateNumberOfAcess" time="121.413"/>
  <system-out/>
</testsuite> <!-- ViewCare.ValidateControllerTest -->
