<?xml version="1.0" encoding="UTF-8"?>
<!-- Generated by org.testng.reporters.JUnitReportReporter -->
<testsuite hostname="PDINOTE-03" failures="0" tests="3" name="ViewCare.EnterSalesPointTest" time="0.356" errors="0" timestamp="2025-01-08T15:01:59 BRT" skipped="0">
  <testcase classname="ViewCare.EnterSalesPointTest" name="testFetchListAndClickTheTestSalesPoint" time="0.274"/>
  <system-out/>
  <testcase classname="ViewCare.EnterSalesPointTest" name="testValidateNameSalesPoint" time="0.062"/>
  <system-out/>
  <testcase classname="ViewCare.EnterSalesPointTest" name="testValidatesNumberOfOS" time="0.020"/>
  <system-out/>
</testsuite> <!-- ViewCare.EnterSalesPointTest -->
