<?xml version="1.0" encoding="UTF-8"?>
<!-- Generated by org.testng.reporters.JUnitReportReporter -->
<testsuite hostname="PDINOTE-03" failures="0" tests="1" name="ViewCare.ControllerTimeActionsTest" time="0.000" errors="0" timestamp="2025-01-16T16:20:16 BRT" skipped="1">
  <testcase classname="ViewCare.ControllerTimeActionsTest" name="testCreateNewTime" time="0.000">
    <skipped/>
  </testcase> <!-- testCreateNewTime -->
  <system-out/>
</testsuite> <!-- ViewCare.ControllerTimeActionsTest -->
