<?xml version="1.0" encoding="UTF-8"?>
<!-- Generated by org.testng.reporters.JUnitReportReporter -->
<testsuite hostname="PDINOTE-03" failures="0" tests="2" name="ViewCare.ControllerTimeActionsTest" time="23.203" errors="0" timestamp="2025-01-20T10:14:35 BRT" skipped="0">
  <testcase classname="ViewCare.ControllerTimeActionsTest" name="testCreateNewTime" time="16.305"/>
  <system-out/>
  <testcase classname="ViewCare.ControllerTimeActionsTest" name="testDeleteTime" time="6.898"/>
  <system-out/>
</testsuite> <!-- ViewCare.ControllerTimeActionsTest -->
