<?xml version="1.0" encoding="UTF-8"?>
<!-- Generated by org.testng.reporters.JUnitReportReporter -->
<testsuite hostname="PDINOTE-03" failures="0" tests="3" name="ViewCare.ValidateControllerRemoteAccessTest" time="65.893" errors="0" timestamp="2025-01-16T13:48:57 BRT" skipped="0">
  <testcase classname="ViewCare.ValidateControllerRemoteAccessTest" name="testTryRemoteAccess" time="60.288"/>
  <system-out/>
  <testcase classname="ViewCare.ValidateControllerRemoteAccessTest" name="testTogglePassword" time="1.544"/>
  <system-out/>
  <testcase classname="ViewCare.ValidateControllerRemoteAccessTest" name="testGenerateRandomPassword" time="4.061"/>
  <system-out/>
</testsuite> <!-- ViewCare.ValidateControllerRemoteAccessTest -->
