<?xml version="1.0" encoding="UTF-8"?>
<!-- Generated by org.testng.reporters.JUnitReportReporter -->
<testsuite hostname="PDINOTE-03" failures="0" tests="2" name="ViewCare.EnterControllerTest" time="2.427" errors="0" timestamp="2025-01-20T11:25:48 BRT" skipped="0">
  <testcase classname="ViewCare.EnterControllerTest" name="testLastInfoFirstMonitorableIsValidController" time="0.564"/>
  <system-out/>
  <testcase classname="ViewCare.EnterControllerTest" name="testAccessEquipmentController" time="1.863"/>
  <system-out/>
</testsuite> <!-- ViewCare.EnterControllerTest -->
