<?xml version="1.0" encoding="UTF-8"?>
<!-- Generated by org.testng.reporters.JUnitReportReporter -->
<testsuite hostname="PDINOTE-03" failures="0" tests="1" name="base.LoginTest" time="0.739" errors="0" timestamp="2025-01-13T13:33:00 BRT" skipped="0">
  <testcase classname="base.LoginTest" name="testLogin" time="0.739"/>
  <system-out/>
</testsuite> <!-- base.LoginTest -->
