<?xml version="1.0" encoding="UTF-8"?>
<!-- Generated by org.testng.reporters.JUnitReportReporter -->
<testsuite hostname="PDINOTE-03" failures="0" tests="2" name="ViewCare.EnterControllerTest" time="2.423" errors="0" timestamp="2025-01-21T13:45:15 BRT" skipped="0">
  <testcase classname="ViewCare.EnterControllerTest" name="testLastInfoFirstMonitorableIsValidController" time="0.558"/>
  <system-out/>
  <testcase classname="ViewCare.EnterControllerTest" name="testAccessEquipmentController" time="1.865"/>
  <system-out/>
</testsuite> <!-- ViewCare.EnterControllerTest -->
